# JRE version: Java(TM) SE Runtime Environment (18.0+36) (build 18+36-2087)
# Java VM: Java HotSpot(TM) 64-Bit Server VM (18+36-2087, mixed mode, sharing, tiered, compressed oops, compressed class ptrs, g1 gc, windows-amd64)
GC Precious Log:
 CardTable entry size: 512
 Card Set container configuration: InlinePtr #cards 5 size 8 Array Of Cards #cards 12 size 40 Howl #buckets 4 coarsen threshold 1843 Howl Bitmap #cards 512 size 80 coarsen threshold 460 Card regions per heap region 1 cards per card region 2048
 CPUs: 8 total, 8 available
 Memory: 7778M
 Large Page Support: Disabled
 NUMA Support: Disabled
 Compressed Oops: Enabled (32-bit)
 Heap Region Size: 1M
 Heap Min Capacity: 8M
 Heap Initial Capacity: 122M
 Heap Max Capacity: 1946M
 Pre-touch: Disabled
 Parallel Workers: 8
 Concurrent Workers: 2
 Concurrent Refinement Workers: 8
 Periodic GC: Disabled
Heap:
 garbage-first heap   total 124928K, used 100943K [0x0000000086600000, 0x0000000100000000)
  region size 1024K, 2 young (2048K), 1 survivors (1024K)
 Metaspace       used 5093K, committed 5248K, reserved 1114112K
  class space    used 530K, committed 640K, reserved 1048576K
GC Heap History (6 events):
Event: 3.986 GC heap before
{Heap before GC invocations=0 (full 0):
 garbage-first heap   total 124928K, used 8192K [0x0000000086600000, 0x0000000100000000)
  region size 1024K, 9 young (9216K), 0 survivors (0K)
 Metaspace       used 4955K, committed 5120K, reserved 1114112K
  class space    used 523K, committed 640K, reserved 1048576K
}
Event: 5.000 GC heap after
{Heap after GC invocations=1 (full 0):
 garbage-first heap   total 124928K, used 2560K [0x0000000086600000, 0x0000000100000000)
  region size 1024K, 3 young (3072K), 3 survivors (3072K)
 Metaspace       used 4955K, committed 5120K, reserved 1114112K
  class space    used 523K, committed 640K, reserved 1048576K
}
Event: 5.097 GC heap before
{Heap before GC invocations=1 (full 0):
 garbage-first heap   total 124928K, used 102912K [0x0000000086600000, 0x0000000100000000)
  region size 1024K, 6 young (6144K), 3 survivors (3072K)
 Metaspace       used 5078K, committed 5248K, reserved 1114112K
  class space    used 530K, committed 640K, reserved 1048576K
}
Event: 5.106 GC heap after
{Heap after GC invocations=2 (full 0):
 garbage-first heap   total 124928K, used 101297K [0x0000000086600000, 0x0000000100000000)
  region size 1024K, 1 young (1024K), 1 survivors (1024K)
 Metaspace       used 5078K, committed 5248K, reserved 1114112K
  class space    used 530K, committed 640K, reserved 1048576K
}
Event: 5.163 GC heap before
{Heap before GC invocations=2 (full 0):
 garbage-first heap   total 124928K, used 105393K [0x0000000086600000, 0x0000000100000000)
  region size 1024K, 6 young (6144K), 1 survivors (1024K)
 Metaspace       used 5086K, committed 5248K, reserved 1114112K
  class space    used 530K, committed 640K, reserved 1048576K
}
Event: 5.164 GC heap after
{Heap after GC invocations=3 (full 0):
 garbage-first heap   total 124928K, used 100943K [0x0000000086600000, 0x0000000100000000)
  region size 1024K, 1 young (1024K), 1 survivors (1024K)
 Metaspace       used 5086K, committed 5248K, reserved 1114112K
  class space    used 530K, committed 640K, reserved 1048576K
}

