# JRE version: Java(TM) SE Runtime Environment (18.0+36) (build 18+36-2087)
# Java VM: Java HotSpot(TM) 64-Bit Server VM (18+36-2087, mixed mode, sharing, tiered, compressed oops, compressed class ptrs, g1 gc, windows-amd64)
GC Precious Log:
 CardTable entry size: 512
 Card Set container configuration: InlinePtr #cards 5 size 8 Array Of Cards #cards 12 size 40 Howl #buckets 4 coarsen threshold 1843 Howl Bitmap #cards 512 size 80 coarsen threshold 460 Card regions per heap region 1 cards per card region 2048
 CPUs: 8 total, 8 available
 Memory: 7778M
 Large Page Support: Disabled
 NUMA Support: Disabled
 Compressed Oops: Enabled (32-bit)
 Heap Region Size: 1M
 Heap Min Capacity: 8M
 Heap Initial Capacity: 122M
 Heap Max Capacity: 1946M
 Pre-touch: Disabled
 Parallel Workers: 8
 Concurrent Workers: 2
 Concurrent Refinement Workers: 8
 Periodic GC: Disabled
Heap:
 garbage-first heap   total 304128K, used 186155K [0x0000000086600000, 0x0000000100000000)
  region size 1024K, 2 young (2048K), 1 survivors (1024K)
 Metaspace       used 7564K, committed 7808K, reserved 1114112K
  class space    used 846K, committed 960K, reserved 1048576K
GC Heap History (18 events):
Event: 0.614 GC heap before
{Heap before GC invocations=0 (full 0):
 garbage-first heap   total 124928K, used 8192K [0x0000000086600000, 0x0000000100000000)
  region size 1024K, 9 young (9216K), 0 survivors (0K)
 Metaspace       used 4963K, committed 5184K, reserved 1114112K
  class space    used 523K, committed 640K, reserved 1048576K
}
Event: 0.619 GC heap after
{Heap after GC invocations=1 (full 0):
 garbage-first heap   total 124928K, used 2632K [0x0000000086600000, 0x0000000100000000)
  region size 1024K, 3 young (3072K), 3 survivors (3072K)
 Metaspace       used 4963K, committed 5184K, reserved 1114112K
  class space    used 523K, committed 640K, reserved 1048576K
}
Event: 0.819 GC heap before
{Heap before GC invocations=1 (full 0):
 garbage-first heap   total 124928K, used 118344K [0x0000000086600000, 0x0000000100000000)
  region size 1024K, 21 young (21504K), 3 survivors (3072K)
 Metaspace       used 5103K, committed 5312K, reserved 1114112K
  class space    used 529K, committed 640K, reserved 1048576K
}
Event: 0.823 GC heap after
{Heap after GC invocations=2 (full 0):
 garbage-first heap   total 124928K, used 101302K [0x0000000086600000, 0x0000000100000000)
  region size 1024K, 1 young (1024K), 1 survivors (1024K)
 Metaspace       used 5103K, committed 5312K, reserved 1114112K
  class space    used 529K, committed 640K, reserved 1048576K
}
Event: 0.867 GC heap before
{Heap before GC invocations=2 (full 0):
 garbage-first heap   total 124928K, used 105398K [0x0000000086600000, 0x0000000100000000)
  region size 1024K, 6 young (6144K), 1 survivors (1024K)
 Metaspace       used 5104K, committed 5312K, reserved 1114112K
  class space    used 529K, committed 640K, reserved 1048576K
}
Event: 0.868 GC heap after
{Heap after GC invocations=3 (full 0):
 garbage-first heap   total 124928K, used 100948K [0x0000000086600000, 0x0000000100000000)
  region size 1024K, 1 young (1024K), 1 survivors (1024K)
 Metaspace       used 5104K, committed 5312K, reserved 1114112K
  class space    used 529K, committed 640K, reserved 1048576K
}
Event: 0.923 GC heap before
{Heap before GC invocations=4 (full 0):
 garbage-first heap   total 173056K, used 105044K [0x0000000086600000, 0x0000000100000000)
  region size 1024K, 6 young (6144K), 1 survivors (1024K)
 Metaspace       used 5104K, committed 5312K, reserved 1114112K
  class space    used 529K, committed 640K, reserved 1048576K
}
Event: 0.924 GC heap after
{Heap after GC invocations=5 (full 0):
 garbage-first heap   total 173056K, used 100859K [0x0000000086600000, 0x0000000100000000)
  region size 1024K, 1 young (1024K), 1 survivors (1024K)
 Metaspace       used 5104K, committed 5312K, reserved 1114112K
  class space    used 529K, committed 640K, reserved 1048576K
}
Event: 1.269 GC heap before
{Heap before GC invocations=5 (full 0):
 garbage-first heap   total 173056K, used 148987K [0x0000000086600000, 0x0000000100000000)
  region size 1024K, 49 young (50176K), 1 survivors (1024K)
 Metaspace       used 5104K, committed 5312K, reserved 1114112K
  class space    used 529K, committed 640K, reserved 1048576K
}
Event: 1.270 GC heap after
{Heap after GC invocations=6 (full 0):
 garbage-first heap   total 173056K, used 100837K [0x0000000086600000, 0x0000000100000000)
  region size 1024K, 1 young (1024K), 1 survivors (1024K)
 Metaspace       used 5104K, committed 5312K, reserved 1114112K
  class space    used 529K, committed 640K, reserved 1048576K
}
Event: 1.335 GC heap before
{Heap before GC invocations=7 (full 0):
 garbage-first heap   total 173056K, used 122341K [0x0000000086600000, 0x0000000100000000)
  region size 1024K, 23 young (23552K), 1 survivors (1024K)
 Metaspace       used 5114K, committed 5312K, reserved 1114112K
  class space    used 531K, committed 640K, reserved 1048576K
}
Event: 1.337 GC heap after
{Heap after GC invocations=8 (full 0):
 garbage-first heap   total 218112K, used 100931K [0x0000000086600000, 0x0000000100000000)
  region size 1024K, 1 young (1024K), 1 survivors (1024K)
 Metaspace       used 5114K, committed 5312K, reserved 1114112K
  class space    used 531K, committed 640K, reserved 1048576K
}
Event: 1.885 GC heap before
{Heap before GC invocations=9 (full 0):
 garbage-first heap   total 218112K, used 105027K [0x0000000086600000, 0x0000000100000000)
  region size 1024K, 4 young (4096K), 1 survivors (1024K)
 Metaspace       used 6199K, committed 6400K, reserved 1114112K
  class space    used 687K, committed 832K, reserved 1048576K
}
Event: 1.888 GC heap after
{Heap after GC invocations=10 (full 0):
 garbage-first heap   total 218112K, used 103012K [0x0000000086600000, 0x0000000100000000)
  region size 1024K, 1 young (1024K), 1 survivors (1024K)
 Metaspace       used 6199K, committed 6400K, reserved 1114112K
  class space    used 687K, committed 832K, reserved 1048576K
}
Event: 2.208 GC heap before
{Heap before GC invocations=11 (full 0):
 garbage-first heap   total 290816K, used 242276K [0x0000000086600000, 0x0000000100000000)
  region size 1024K, 70 young (71680K), 1 survivors (1024K)
 Metaspace       used 6199K, committed 6400K, reserved 1114112K
  class space    used 687K, committed 832K, reserved 1048576K
}
Event: 2.211 GC heap after
{Heap after GC invocations=12 (full 0):
 garbage-first heap   total 290816K, used 172656K [0x0000000086600000, 0x0000000100000000)
  region size 1024K, 1 young (1024K), 1 survivors (1024K)
 Metaspace       used 6199K, committed 6400K, reserved 1114112K
  class space    used 687K, committed 832K, reserved 1048576K
}
Event: 2.968 GC heap before
{Heap before GC invocations=13 (full 0):
 garbage-first heap   total 304128K, used 188016K [0x0000000086600000, 0x0000000100000000)
  region size 1024K, 10 young (10240K), 1 survivors (1024K)
 Metaspace       used 7543K, committed 7808K, reserved 1114112K
  class space    used 844K, committed 960K, reserved 1048576K
}
Event: 2.970 GC heap after
{Heap after GC invocations=14 (full 0):
 garbage-first heap   total 304128K, used 180011K [0x0000000086600000, 0x0000000100000000)
  region size 1024K, 1 young (1024K), 1 survivors (1024K)
 Metaspace       used 7543K, committed 7808K, reserved 1114112K
  class space    used 844K, committed 960K, reserved 1048576K
}

